<?xml version="1.0" encoding="UTF-8"?>
<!-- Generated by org.testng.reporters.JUnitReportReporter -->
<testsuite hostname="DESKTOP-82Q98DS" failures="0" tests="1" name="com.sauce.qa.testcases.LoginPageTestcases" time="8.298" errors="0" timestamp="2024-09-03T11:32:53 PKT" skipped="0">
  <testcase classname="com.sauce.qa.testcases.LoginPageTestcases" name="loginTest" time="8.298"/>
</testsuite> <!-- com.sauce.qa.testcases.LoginPageTestcases -->
